<?xml version="1.0" encoding="UTF-8"?>
<!-- Generated by org.testng.reporters.JUnitXMLReporter -->
<testsuite hostname="SK" ignored="0" name="Default test" tests="7" failures="0" timestamp="18 May 2022 06:37:49 GMT" time="0.074" errors="0">
  <testcase name="test1" time="0.016" classname="org.day4.sample"/>
  <testcase name="test" time="0.001" classname="org.day4.sample"/>
  <testcase name="test2" time="0.001" classname="org.day4.sample"/>
  <testcase name="test3" time="0.0" classname="org.day4.sample"/>
  <testcase name="test4" time="0.0" classname="org.day4.sample"/>
  <testcase name="test5" time="0.001" classname="org.day4.sample"/>
  <testcase name="test6" time="0.001" classname="org.day4.sample"/>
</testsuite> <!-- Default test -->
