<?xml version="1.0" encoding="UTF-8"?>
<!-- Generated by org.testng.reporters.JUnitXMLReporter -->
<testsuite hostname="SK" ignored="0" name="Test" tests="14" failures="0" timestamp="18 May 2022 12:59:59 GMT" time="0.092" errors="0">
  <testcase name="test1" time="0.012" classname="org.day4.sample"/>
  <testcase name="test" time="0.002" classname="org.day4.sample"/>
  <testcase name="test" time="0.004" classname="org.day4.Hello"/>
  <testcase name="test2" time="0.003" classname="org.day4.sample"/>
  <testcase name="test1" time="0.001" classname="org.day4.Hello"/>
  <testcase name="test3" time="0.002" classname="org.day4.sample"/>
  <testcase name="test2" time="0.001" classname="org.day4.Hello"/>
  <testcase name="test4" time="0.002" classname="org.day4.sample"/>
  <testcase name="test3" time="0.002" classname="org.day4.Hello"/>
  <testcase name="test5" time="0.001" classname="org.day4.sample"/>
  <testcase name="test4" time="0.002" classname="org.day4.Hello"/>
  <testcase name="test6" time="0.001" classname="org.day4.sample"/>
  <testcase name="test5" time="0.001" classname="org.day4.Hello"/>
  <testcase name="test6" time="0.002" classname="org.day4.Hello"/>
</testsuite> <!-- Test -->
